<?xml version="1.0" encoding="UTF-8"?>
<!-- Generated by org.testng.reporters.JUnitReportReporter -->
<testsuite skipped="0" hostname="DESKTOP-BPNON4T" name="com.crm.qa.testscases.CampaignsPageTest" tests="1" failures="0" timestamp="05 Oct 2020 18:54:36 GMT" time="14.286" errors="0">
  <testcase name="clickOnNewLinkTest" time="14.286" classname="com.crm.qa.testscases.CampaignsPageTest"/>
</testsuite> <!-- com.crm.qa.testscases.CampaignsPageTest -->
