<?xml version="1.0" encoding="UTF-8"?>
<!-- Generated by org.testng.reporters.JUnitReportReporter -->
<testsuite skipped="0" hostname="DESKTOP-BPNON4T" name="com.crm.qa.testscases.LoginPageTest" tests="5" failures="0" timestamp="04 Nov 2020 14:28:03 GMT" time="51.923" errors="0">
  <testcase name="loginPageTitleTest" time="10.378" classname="com.crm.qa.testscases.LoginPageTest"/>
  <testcase name="correctUserNameAndCorrectPasswordloginPageTest" time="10.886" classname="com.crm.qa.testscases.LoginPageTest"/>
  <testcase name="incorrectUserNameloginTest" time="9.187" classname="com.crm.qa.testscases.LoginPageTest"/>
  <testcase name="incorrectPasswordloginPageTest" time="10.567" classname="com.crm.qa.testscases.LoginPageTest"/>
  <testcase name="SignUpPageTest" time="10.905" classname="com.crm.qa.testscases.LoginPageTest"/>
</testsuite> <!-- com.crm.qa.testscases.LoginPageTest -->
