<?xml version="1.0" encoding="UTF-8"?>
<!-- Generated by org.testng.reporters.JUnitReportReporter -->
<testsuite skipped="0" hostname="DESKTOP-BPNON4T" name="com.crm.qa.testscases.ContactsPageTest" tests="3" failures="0" timestamp="31 Oct 2020 13:03:58 GMT" time="36.664" errors="0">
  <testcase name="createNewContactsTest" time="12.172" classname="com.crm.qa.testscases.ContactsPageTest"/>
  <testcase name="createNewContactsTest" time="11.895" classname="com.crm.qa.testscases.ContactsPageTest"/>
  <testcase name="createNewContactsTest" time="12.597" classname="com.crm.qa.testscases.ContactsPageTest"/>
</testsuite> <!-- com.crm.qa.testscases.ContactsPageTest -->
