<?xml version="1.0" encoding="UTF-8"?>
<!-- Generated by org.testng.reporters.JUnitReportReporter -->
<testsuite skipped="1" hostname="DESKTOP-BPNON4T" name="com.crm.qa.testscases.HomePageTest" tests="11" failures="0" timestamp="06 Oct 2020 11:40:32 GMT" time="115.366" errors="0">
  <testcase name="clickOnContactsLinkTest" time="12.962" classname="com.crm.qa.testscases.HomePageTest"/>
  <testcase name="clickOnCompniesLinkTest" time="11.138" classname="com.crm.qa.testscases.HomePageTest"/>
  <testcase name="clickOnDealsLinkTest" time="11.209" classname="com.crm.qa.testscases.HomePageTest"/>
  <testcase name="clickOnTasksLinkTest" time="11.484" classname="com.crm.qa.testscases.HomePageTest"/>
  <testcase name="clickOnCasesLinkTest" time="11.281" classname="com.crm.qa.testscases.HomePageTest"/>
  <testcase name="clickOnCallsLinkTest" time="11.398" classname="com.crm.qa.testscases.HomePageTest"/>
  <testcase name="clickOnDocumentsLinkPageTest" time="10.352" classname="com.crm.qa.testscases.HomePageTest"/>
  <testcase name="clickOnEmailLinkPageTest" time="12.998" classname="com.crm.qa.testscases.HomePageTest"/>
  <testcase name="clickOnCampaignLinkPageTest" time="11.334" classname="com.crm.qa.testscases.HomePageTest"/>
  <testcase name="clickOnFormsPageLinkTest" time="11.210" classname="com.crm.qa.testscases.HomePageTest"/>
  <testcase name="clickOnCalenderLinkTest" classname="com.crm.qa.testscases.HomePageTest">
    <skipped/>
  </testcase> <!-- clickOnCalenderLinkTest -->
</testsuite> <!-- com.crm.qa.testscases.HomePageTest -->
