<?xml version="1.0" encoding="UTF-8"?>
<!-- Generated by org.testng.reporters.JUnitReportReporter -->
<testsuite skipped="0" hostname="DESKTOP-BPNON4T" name="com.crm.qa.testscases.CampaignsPageTest" tests="1" failures="0" timestamp="06 Oct 2020 11:40:32 GMT" time="13.397" errors="0">
  <testcase name="clickOnNewLinkTest" time="13.397" classname="com.crm.qa.testscases.CampaignsPageTest"/>
</testsuite> <!-- com.crm.qa.testscases.CampaignsPageTest -->
