<?xml version="1.0" encoding="UTF-8"?>
<!-- Generated by org.testng.reporters.JUnitReportReporter -->
<testsuite skipped="1" hostname="DESKTOP-BPNON4T" name="com.crm.qa.testscases.HomePageTest" tests="11" failures="0" timestamp="31 Oct 2020 13:03:58 GMT" time="108.273" errors="0">
  <testcase name="clickOnContactsLinkTest" time="14.039" classname="com.crm.qa.testscases.HomePageTest"/>
  <testcase name="clickOnCompniesLinkTest" time="10.922" classname="com.crm.qa.testscases.HomePageTest"/>
  <testcase name="clickOnDealsLinkTest" time="9.870" classname="com.crm.qa.testscases.HomePageTest"/>
  <testcase name="clickOnTasksLinkTest" time="11.633" classname="com.crm.qa.testscases.HomePageTest"/>
  <testcase name="clickOnCasesLinkTest" time="9.774" classname="com.crm.qa.testscases.HomePageTest"/>
  <testcase name="clickOnCallsLinkTest" time="10.694" classname="com.crm.qa.testscases.HomePageTest"/>
  <testcase name="clickOnDocumentsLinkPageTest" time="10.562" classname="com.crm.qa.testscases.HomePageTest"/>
  <testcase name="clickOnEmailLinkPageTest" time="10.487" classname="com.crm.qa.testscases.HomePageTest"/>
  <testcase name="clickOnCampaignLinkPageTest" time="10.098" classname="com.crm.qa.testscases.HomePageTest"/>
  <testcase name="clickOnFormsPageLinkTest" time="10.194" classname="com.crm.qa.testscases.HomePageTest"/>
  <testcase name="clickOnCalenderLinkTest" classname="com.crm.qa.testscases.HomePageTest">
    <skipped/>
  </testcase> <!-- clickOnCalenderLinkTest -->
</testsuite> <!-- com.crm.qa.testscases.HomePageTest -->
