<?xml version="1.0" encoding="UTF-8"?>
<!-- Generated by org.testng.reporters.JUnitReportReporter -->
<testsuite skipped="0" hostname="DESKTOP-BPNON4T" name="com.crm.qa.testscases.DealsPageTest" tests="2" failures="0" timestamp="10 Nov 2020 13:12:09 GMT" time="22.697" errors="0">
  <testcase name="clickOnCheckBoxTest" time="11.696" classname="com.crm.qa.testscases.DealsPageTest"/>
  <testcase name="selectDeleteTest" time="11.001" classname="com.crm.qa.testscases.DealsPageTest"/>
</testsuite> <!-- com.crm.qa.testscases.DealsPageTest -->
