<?xml version="1.0" encoding="UTF-8"?>
<!-- Generated by org.testng.reporters.JUnitReportReporter -->
<testsuite skipped="0" hostname="DESKTOP-BPNON4T" name="com.crm.qa.testscases.ContactsPageTest" tests="3" failures="0" timestamp="04 Nov 2020 13:35:32 GMT" time="39.606" errors="0">
  <testcase name="createNewContactsTest" time="13.316" classname="com.crm.qa.testscases.ContactsPageTest"/>
  <testcase name="createNewContactsTest" time="12.401" classname="com.crm.qa.testscases.ContactsPageTest"/>
  <testcase name="createNewContactsTest" time="13.889" classname="com.crm.qa.testscases.ContactsPageTest"/>
</testsuite> <!-- com.crm.qa.testscases.ContactsPageTest -->
