<?xml version="1.0" encoding="UTF-8"?>
<!-- Generated by org.testng.reporters.JUnitReportReporter -->
<testsuite skipped="0" hostname="DESKTOP-BPNON4T" name="com.crm.qa.testscases.CompaniesPageTest" tests="3" failures="0" timestamp="04 Nov 2020 14:28:03 GMT" time="34.397" errors="0">
  <testcase name="selectNameCheckBoxTest" time="10.617" classname="com.crm.qa.testscases.CompaniesPageTest"/>
  <testcase name="selectDeleteTest" time="11.643" classname="com.crm.qa.testscases.CompaniesPageTest"/>
  <testcase name="actionLabelCheckTest" time="12.137" classname="com.crm.qa.testscases.CompaniesPageTest"/>
</testsuite> <!-- com.crm.qa.testscases.CompaniesPageTest -->
