<?xml version="1.0" encoding="UTF-8"?>
<!-- Generated by org.testng.reporters.JUnitReportReporter -->
<testsuite skipped="0" hostname="DESKTOP-BPNON4T" name="com.crm.qa.testscases.SignUpPageTest" tests="1" failures="0" timestamp="21 Jul 2020 20:09:13 GMT" time="25.233" errors="0">
  <testcase name="verifyRegisterLabelTest" time="25.233" classname="com.crm.qa.testscases.SignUpPageTest"/>
</testsuite> <!-- com.crm.qa.testscases.SignUpPageTest -->
