<?xml version="1.0" encoding="UTF-8"?>
<!-- Generated by org.testng.reporters.JUnitReportReporter -->
<testsuite skipped="0" hostname="DESKTOP-BPNON4T" name="com.crm.qa.testscases.DealsPageTest" tests="2" failures="0" timestamp="04 Nov 2020 13:35:32 GMT" time="22.926" errors="0">
  <testcase name="clickOnCheckBoxTest" time="12.242" classname="com.crm.qa.testscases.DealsPageTest"/>
  <testcase name="selectDeleteTest" time="10.684" classname="com.crm.qa.testscases.DealsPageTest"/>
</testsuite> <!-- com.crm.qa.testscases.DealsPageTest -->
