<?xml version="1.0" encoding="UTF-8"?>
<!-- Generated by org.testng.reporters.JUnitReportReporter -->
<testsuite skipped="0" hostname="DESKTOP-BPNON4T" name="com.crm.qa.testscases.DealsPageTest" tests="2" failures="0" timestamp="05 Oct 2020 18:54:36 GMT" time="24.062" errors="0">
  <testcase name="clickOnCheckBoxTest" time="11.813" classname="com.crm.qa.testscases.DealsPageTest"/>
  <testcase name="selectDeleteTest" time="12.249" classname="com.crm.qa.testscases.DealsPageTest"/>
</testsuite> <!-- com.crm.qa.testscases.DealsPageTest -->
