<?xml version="1.0" encoding="UTF-8"?>
<!-- Generated by org.testng.reporters.JUnitReportReporter -->
<testsuite skipped="1" hostname="DESKTOP-BPNON4T" name="com.crm.qa.testscases.HomePageTest" tests="11" failures="0" timestamp="05 Oct 2020 18:54:36 GMT" time="119.874" errors="0">
  <testcase name="clickOnContactsLinkTest" time="12.534" classname="com.crm.qa.testscases.HomePageTest"/>
  <testcase name="clickOnCompniesLinkTest" time="12.580" classname="com.crm.qa.testscases.HomePageTest"/>
  <testcase name="clickOnDealsLinkTest" time="11.168" classname="com.crm.qa.testscases.HomePageTest"/>
  <testcase name="clickOnTasksLinkTest" time="10.812" classname="com.crm.qa.testscases.HomePageTest"/>
  <testcase name="clickOnCasesLinkTest" time="13.468" classname="com.crm.qa.testscases.HomePageTest"/>
  <testcase name="clickOnCallsLinkTest" time="12.173" classname="com.crm.qa.testscases.HomePageTest"/>
  <testcase name="clickOnDocumentsLinkPageTest" time="12.082" classname="com.crm.qa.testscases.HomePageTest"/>
  <testcase name="clickOnEmailLinkPageTest" time="12.335" classname="com.crm.qa.testscases.HomePageTest"/>
  <testcase name="clickOnCampaignLinkPageTest" time="11.329" classname="com.crm.qa.testscases.HomePageTest"/>
  <testcase name="clickOnFormsPageLinkTest" time="11.393" classname="com.crm.qa.testscases.HomePageTest"/>
  <testcase name="clickOnCalenderLinkTest" classname="com.crm.qa.testscases.HomePageTest">
    <skipped/>
  </testcase> <!-- clickOnCalenderLinkTest -->
</testsuite> <!-- com.crm.qa.testscases.HomePageTest -->
