<?xml version="1.0" encoding="UTF-8"?>
<!-- Generated by org.testng.reporters.JUnitReportReporter -->
<testsuite skipped="0" hostname="DESKTOP-BPNON4T" name="com.crm.qa.testscases.ContactsPateTest" tests="3" failures="0" timestamp="21 Jul 2020 15:00:52 GMT" time="35.719" errors="0">
  <testcase name="verifyContactsLabelTest" time="11.204" classname="com.crm.qa.testscases.ContactsPateTest"/>
  <testcase name="selectContactDipakTest" time="11.743" classname="com.crm.qa.testscases.ContactsPateTest"/>
  <testcase name="selectContactManishTest" time="12.772" classname="com.crm.qa.testscases.ContactsPateTest"/>
</testsuite> <!-- com.crm.qa.testscases.ContactsPateTest -->
