<?xml version="1.0" encoding="UTF-8"?>
<!-- Generated by org.testng.reporters.JUnitReportReporter -->
<testsuite skipped="0" hostname="DESKTOP-BPNON4T" name="com.crm.qa.testscases.CompaniesPageTest" tests="3" failures="0" timestamp="04 Nov 2020 13:35:32 GMT" time="33.921" errors="0">
  <testcase name="selectNameCheckBoxTest" time="10.862" classname="com.crm.qa.testscases.CompaniesPageTest"/>
  <testcase name="selectDeleteTest" time="12.133" classname="com.crm.qa.testscases.CompaniesPageTest"/>
  <testcase name="actionLabelCheckTest" time="10.926" classname="com.crm.qa.testscases.CompaniesPageTest"/>
</testsuite> <!-- com.crm.qa.testscases.CompaniesPageTest -->
