<?xml version="1.0" encoding="UTF-8"?>
<!-- Generated by org.testng.reporters.JUnitReportReporter -->
<testsuite skipped="1" hostname="DESKTOP-BPNON4T" name="com.crm.qa.testscases.HomePageTest" tests="11" failures="0" timestamp="10 Nov 2020 13:12:09 GMT" time="115.362" errors="0">
  <testcase name="clickOnContactsLinkTest" time="12.850" classname="com.crm.qa.testscases.HomePageTest"/>
  <testcase name="clickOnCompniesLinkTest" time="13.998" classname="com.crm.qa.testscases.HomePageTest"/>
  <testcase name="clickOnDealsLinkTest" time="10.777" classname="com.crm.qa.testscases.HomePageTest"/>
  <testcase name="clickOnTasksLinkTest" time="11.973" classname="com.crm.qa.testscases.HomePageTest"/>
  <testcase name="clickOnCasesLinkTest" time="10.120" classname="com.crm.qa.testscases.HomePageTest"/>
  <testcase name="clickOnCallsLinkTest" time="10.670" classname="com.crm.qa.testscases.HomePageTest"/>
  <testcase name="clickOnDocumentsLinkPageTest" time="11.834" classname="com.crm.qa.testscases.HomePageTest"/>
  <testcase name="clickOnEmailLinkPageTest" time="10.439" classname="com.crm.qa.testscases.HomePageTest"/>
  <testcase name="clickOnCampaignLinkPageTest" time="11.436" classname="com.crm.qa.testscases.HomePageTest"/>
  <testcase name="clickOnFormsPageLinkTest" time="11.265" classname="com.crm.qa.testscases.HomePageTest"/>
  <testcase name="clickOnCalenderLinkTest" classname="com.crm.qa.testscases.HomePageTest">
    <skipped/>
  </testcase> <!-- clickOnCalenderLinkTest -->
</testsuite> <!-- com.crm.qa.testscases.HomePageTest -->
