<?xml version="1.0" encoding="UTF-8"?>
<!-- Generated by org.testng.reporters.JUnitReportReporter -->
<testsuite skipped="0" hostname="DESKTOP-BPNON4T" name="com.crm.qa.testscases.DealsPageTest" tests="2" failures="0" timestamp="06 Oct 2020 11:40:32 GMT" time="24.109" errors="0">
  <testcase name="clickOnCheckBoxTest" time="12.853" classname="com.crm.qa.testscases.DealsPageTest"/>
  <testcase name="selectDeleteTest" time="11.256" classname="com.crm.qa.testscases.DealsPageTest"/>
</testsuite> <!-- com.crm.qa.testscases.DealsPageTest -->
