<?xml version="1.0" encoding="UTF-8"?>
<!-- Generated by org.testng.reporters.JUnitReportReporter -->
<testsuite skipped="0" hostname="DESKTOP-BPNON4T" name="com.crm.qa.testscases.LoginPageTest" tests="5" failures="0" timestamp="10 Nov 2020 13:12:09 GMT" time="50.814" errors="0">
  <testcase name="loginPageTitleTest" time="8.560" classname="com.crm.qa.testscases.LoginPageTest"/>
  <testcase name="correctUserNameAndCorrectPasswordloginPageTest" time="9.565" classname="com.crm.qa.testscases.LoginPageTest"/>
  <testcase name="incorrectUserNameloginTest" time="12.213" classname="com.crm.qa.testscases.LoginPageTest"/>
  <testcase name="incorrectPasswordloginPageTest" time="9.227" classname="com.crm.qa.testscases.LoginPageTest"/>
  <testcase name="SignUpPageTest" time="11.249" classname="com.crm.qa.testscases.LoginPageTest"/>
</testsuite> <!-- com.crm.qa.testscases.LoginPageTest -->
