<?xml version="1.0" encoding="UTF-8"?>
<!-- Generated by org.testng.reporters.JUnitReportReporter -->
<testsuite skipped="0" hostname="DESKTOP-BPNON4T" name="com.crm.qa.testscases.CalenderPageTest" tests="1" failures="0" timestamp="04 Nov 2020 13:35:32 GMT" time="11.464" errors="0">
  <testcase name="selectMonthOnCalenderTest" time="11.464" classname="com.crm.qa.testscases.CalenderPageTest"/>
</testsuite> <!-- com.crm.qa.testscases.CalenderPageTest -->
