<?xml version="1.0" encoding="UTF-8"?>
<!-- Generated by org.testng.reporters.JUnitReportReporter -->
<testsuite skipped="0" hostname="DESKTOP-BPNON4T" name="com.crm.qa.testscases.LoginPageTest" tests="5" failures="0" timestamp="31 Oct 2020 13:03:58 GMT" time="44.801" errors="0">
  <testcase name="loginPageTitleTest" time="8.467" classname="com.crm.qa.testscases.LoginPageTest"/>
  <testcase name="correctUserNameAndCorrectPasswordloginPageTest" time="9.880" classname="com.crm.qa.testscases.LoginPageTest"/>
  <testcase name="incorrectUserNameloginTest" time="8.338" classname="com.crm.qa.testscases.LoginPageTest"/>
  <testcase name="incorrectPasswordloginPageTest" time="8.550" classname="com.crm.qa.testscases.LoginPageTest"/>
  <testcase name="SignUpPageTest" time="9.566" classname="com.crm.qa.testscases.LoginPageTest"/>
</testsuite> <!-- com.crm.qa.testscases.LoginPageTest -->
