<?xml version="1.0" encoding="UTF-8"?>
<!-- Generated by org.testng.reporters.JUnitReportReporter -->
<testsuite skipped="0" hostname="DESKTOP-BPNON4T" name="com.crm.qa.testscases.LoginPageTest" tests="5" failures="0" timestamp="04 Nov 2020 13:35:32 GMT" time="47.879" errors="0">
  <testcase name="loginPageTitleTest" time="8.327" classname="com.crm.qa.testscases.LoginPageTest"/>
  <testcase name="correctUserNameAndCorrectPasswordloginPageTest" time="10.758" classname="com.crm.qa.testscases.LoginPageTest"/>
  <testcase name="incorrectUserNameloginTest" time="9.393" classname="com.crm.qa.testscases.LoginPageTest"/>
  <testcase name="incorrectPasswordloginPageTest" time="9.112" classname="com.crm.qa.testscases.LoginPageTest"/>
  <testcase name="SignUpPageTest" time="10.289" classname="com.crm.qa.testscases.LoginPageTest"/>
</testsuite> <!-- com.crm.qa.testscases.LoginPageTest -->
