<?xml version="1.0" encoding="UTF-8"?>
<!-- Generated by org.testng.reporters.JUnitReportReporter -->
<testsuite skipped="0" hostname="DESKTOP-BPNON4T" name="com.crm.qa.testscases.CalenderPageTest" tests="1" failures="0" timestamp="10 Nov 2020 13:12:09 GMT" time="13.333" errors="0">
  <testcase name="selectMonthOnCalenderTest" time="13.333" classname="com.crm.qa.testscases.CalenderPageTest"/>
</testsuite> <!-- com.crm.qa.testscases.CalenderPageTest -->
