<?xml version="1.0" encoding="UTF-8"?>
<!-- Generated by org.testng.reporters.JUnitReportReporter -->
<testsuite skipped="0" hostname="DESKTOP-BPNON4T" name="com.crm.qa.testscases.ContactsPageTest" tests="5" failures="0" timestamp="04 Nov 2020 15:05:36 GMT" time="60.837" errors="0">
  <testcase name="createNewContactsTest" time="12.106" classname="com.crm.qa.testscases.ContactsPageTest"/>
  <testcase name="createNewContactsTest" time="12.095" classname="com.crm.qa.testscases.ContactsPageTest"/>
  <testcase name="createNewContactsTest" time="12.002" classname="com.crm.qa.testscases.ContactsPageTest"/>
  <testcase name="selectContactDipakTest" time="12.553" classname="com.crm.qa.testscases.ContactsPageTest"/>
  <testcase name="selectContactManishTest" time="12.081" classname="com.crm.qa.testscases.ContactsPageTest"/>
</testsuite> <!-- com.crm.qa.testscases.ContactsPageTest -->
