<?xml version="1.0" encoding="UTF-8"?>
<!-- Generated by org.testng.reporters.JUnitReportReporter -->
<testsuite skipped="0" hostname="DESKTOP-BPNON4T" name="com.crm.qa.testscases.CalenderPageTest" tests="1" failures="0" timestamp="31 Oct 2020 20:58:31 GMT" time="11.162" errors="0">
  <testcase name="selectMonthOnCalenderTest" time="11.162" classname="com.crm.qa.testscases.CalenderPageTest"/>
</testsuite> <!-- com.crm.qa.testscases.CalenderPageTest -->
