<?xml version="1.0" encoding="UTF-8"?>
<!-- Generated by org.testng.reporters.JUnitReportReporter -->
<testsuite skipped="0" hostname="DESKTOP-BPNON4T" name="com.crm.qa.testscases.ContactsPageTest" tests="3" failures="0" timestamp="05 Oct 2020 18:54:36 GMT" time="40.596" errors="0">
  <testcase name="createNewContactsTest" time="13.546" classname="com.crm.qa.testscases.ContactsPageTest"/>
  <testcase name="createNewContactsTest" time="13.550" classname="com.crm.qa.testscases.ContactsPageTest"/>
  <testcase name="createNewContactsTest" time="13.500" classname="com.crm.qa.testscases.ContactsPageTest"/>
</testsuite> <!-- com.crm.qa.testscases.ContactsPageTest -->
