<?xml version="1.0" encoding="UTF-8"?>
<!-- Generated by org.testng.reporters.JUnitReportReporter -->
<testsuite skipped="1" hostname="DESKTOP-BPNON4T" name="com.crm.qa.testscases.HomePageTest" tests="11" failures="0" timestamp="31 Oct 2020 20:58:31 GMT" time="111.024" errors="0">
  <testcase name="clickOnContactsLinkTest" time="12.783" classname="com.crm.qa.testscases.HomePageTest"/>
  <testcase name="clickOnCompniesLinkTest" time="10.498" classname="com.crm.qa.testscases.HomePageTest"/>
  <testcase name="clickOnDealsLinkTest" time="10.466" classname="com.crm.qa.testscases.HomePageTest"/>
  <testcase name="clickOnTasksLinkTest" time="10.482" classname="com.crm.qa.testscases.HomePageTest"/>
  <testcase name="clickOnCasesLinkTest" time="10.678" classname="com.crm.qa.testscases.HomePageTest"/>
  <testcase name="clickOnCallsLinkTest" time="10.902" classname="com.crm.qa.testscases.HomePageTest"/>
  <testcase name="clickOnDocumentsLinkPageTest" time="11.106" classname="com.crm.qa.testscases.HomePageTest"/>
  <testcase name="clickOnEmailLinkPageTest" time="10.882" classname="com.crm.qa.testscases.HomePageTest"/>
  <testcase name="clickOnCampaignLinkPageTest" time="10.965" classname="com.crm.qa.testscases.HomePageTest"/>
  <testcase name="clickOnFormsPageLinkTest" time="12.262" classname="com.crm.qa.testscases.HomePageTest"/>
  <testcase name="clickOnCalenderLinkTest" classname="com.crm.qa.testscases.HomePageTest">
    <skipped/>
  </testcase> <!-- clickOnCalenderLinkTest -->
</testsuite> <!-- com.crm.qa.testscases.HomePageTest -->
