<?xml version="1.0" encoding="UTF-8"?>
<!-- Generated by org.testng.reporters.JUnitReportReporter -->
<testsuite skipped="0" hostname="DESKTOP-BPNON4T" name="com.crm.qa.testscases.CompaniesPageTest" tests="3" failures="0" timestamp="31 Oct 2020 20:58:31 GMT" time="34.155" errors="0">
  <testcase name="selectNameCheckBoxTest" time="10.277" classname="com.crm.qa.testscases.CompaniesPageTest"/>
  <testcase name="selectDeleteTest" time="12.859" classname="com.crm.qa.testscases.CompaniesPageTest"/>
  <testcase name="actionLabelCheckTest" time="11.019" classname="com.crm.qa.testscases.CompaniesPageTest"/>
</testsuite> <!-- com.crm.qa.testscases.CompaniesPageTest -->
