<?xml version="1.0" encoding="UTF-8"?>
<!-- Generated by org.testng.reporters.JUnitReportReporter -->
<testsuite skipped="0" hostname="DESKTOP-BPNON4T" name="com.crm.qa.testscases.ContactsPageTest" tests="3" failures="0" timestamp="06 Oct 2020 11:40:32 GMT" time="41.395" errors="0">
  <testcase name="createNewContactsTest" time="14.188" classname="com.crm.qa.testscases.ContactsPageTest"/>
  <testcase name="createNewContactsTest" time="13.555" classname="com.crm.qa.testscases.ContactsPageTest"/>
  <testcase name="createNewContactsTest" time="13.652" classname="com.crm.qa.testscases.ContactsPageTest"/>
</testsuite> <!-- com.crm.qa.testscases.ContactsPageTest -->
