<?xml version="1.0" encoding="UTF-8"?>
<!-- Generated by org.testng.reporters.JUnitReportReporter -->
<testsuite skipped="0" hostname="DESKTOP-BPNON4T" name="com.crm.qa.testscases.LoginPageTest" tests="5" failures="0" timestamp="06 Oct 2020 11:40:32 GMT" time="47.045" errors="0">
  <testcase name="loginPageTitleTest" time="8.345" classname="com.crm.qa.testscases.LoginPageTest"/>
  <testcase name="correctUserNameAndCorrectPasswordloginPageTest" time="10.821" classname="com.crm.qa.testscases.LoginPageTest"/>
  <testcase name="incorrectUserNameloginTest" time="8.448" classname="com.crm.qa.testscases.LoginPageTest"/>
  <testcase name="incorrectPasswordloginPageTest" time="9.539" classname="com.crm.qa.testscases.LoginPageTest"/>
  <testcase name="SignUpPageTest" time="9.892" classname="com.crm.qa.testscases.LoginPageTest"/>
</testsuite> <!-- com.crm.qa.testscases.LoginPageTest -->
