<?xml version="1.0" encoding="UTF-8"?>
<!-- Generated by org.testng.reporters.JUnitReportReporter -->
<testsuite skipped="0" hostname="DESKTOP-BPNON4T" name="com.crm.qa.testscases.DealsPageTest" tests="2" failures="0" timestamp="31 Oct 2020 13:03:58 GMT" time="22.210" errors="0">
  <testcase name="clickOnCheckBoxTest" time="11.636" classname="com.crm.qa.testscases.DealsPageTest"/>
  <testcase name="selectDeleteTest" time="10.574" classname="com.crm.qa.testscases.DealsPageTest"/>
</testsuite> <!-- com.crm.qa.testscases.DealsPageTest -->
