<?xml version="1.0" encoding="UTF-8"?>
<!-- Generated by org.testng.reporters.JUnitReportReporter -->
<testsuite skipped="0" hostname="DESKTOP-BPNON4T" name="com.crm.qa.testscases.CompaniesPageTest" tests="3" failures="0" timestamp="10 Nov 2020 13:12:09 GMT" time="35.951" errors="0">
  <testcase name="selectNameCheckBoxTest" time="11.419" classname="com.crm.qa.testscases.CompaniesPageTest"/>
  <testcase name="selectDeleteTest" time="11.993" classname="com.crm.qa.testscases.CompaniesPageTest"/>
  <testcase name="actionLabelCheckTest" time="12.539" classname="com.crm.qa.testscases.CompaniesPageTest"/>
</testsuite> <!-- com.crm.qa.testscases.CompaniesPageTest -->
